<?xml version="1.0" encoding="UTF-8"?>
<testng-results ignored="0" total="1" passed="1" failed="0" skipped="0">
  <reporter-output>
  </reporter-output>
  <suite started-at="2022-01-01T08:58:43 BDT" name="Default suite" finished-at="2022-01-01T08:59:29 BDT" duration-ms="46212">
    <groups>
    </groups>
    <test started-at="2022-01-01T08:58:43 BDT" name="Default test" finished-at="2022-01-01T08:59:29 BDT" duration-ms="46212">
      <class name="tests.Price_Compare">
        <test-method signature="comparePrice()[pri:0, instance:tests.Price_Compare@1cbbffcd]" started-at="2022-01-01T08:58:43 BDT" name="comparePrice" finished-at="2022-01-01T08:59:29 BDT" duration-ms="46115" status="PASS">
          <reporter-output>
          </reporter-output>
        </test-method> <!-- comparePrice -->
      </class> <!-- tests.Price_Compare -->
    </test> <!-- Default test -->
  </suite> <!-- Default suite -->
</testng-results>
